<?xml version="1.0" encoding="UTF-8"?>
<!-- Generated by org.testng.reporters.JUnitXMLReporter -->
<testsuite hostname="Navneet.local" ignored="2" name="Default test" tests="2" failures="0" timestamp="09 May 2019 16:32:53 GMT" time="87.017" errors="0">
  <testcase name="c_forgot" time="3.755" classname="testClasses.login_test"/>
  <testcase name="d_rqst" time="3.365" classname="testClasses.login_test"/>
  <testcase name="a_elementsTest" time="0.0" classname="testClasses.login_test">
    <ignored/>
  </testcase> <!-- a_elementsTest -->
  <testcase name="b_login" time="0.0" classname="testClasses.login_test">
    <ignored/>
  </testcase> <!-- b_login -->
</testsuite> <!-- Default test -->
