<?xml version="1.0" encoding="UTF-8"?>
<!-- Generated by org.testng.reporters.JUnitXMLReporter -->
<testsuite hostname="Navneet.local" ignored="2" name="Test" tests="2" failures="0" timestamp="09 May 2019 16:35:57 GMT" time="87.507" errors="0">
  <testcase name="c_forgot" time="3.449" classname="testClasses.login_test"/>
  <testcase name="d_rqst" time="3.516" classname="testClasses.login_test"/>
  <testcase name="a_elementsTest" time="0.0" classname="testClasses.login_test">
    <ignored/>
  </testcase> <!-- a_elementsTest -->
  <testcase name="b_login" time="0.0" classname="testClasses.login_test">
    <ignored/>
  </testcase> <!-- b_login -->
</testsuite> <!-- Test -->
