<?xml version="1.0" encoding="UTF-8"?>
<testng-results skipped="0" failed="0" ignored="2" total="4" passed="2">
  <reporter-output>
  </reporter-output>
  <suite name="Default suite" duration-ms="141510" started-at="2019-05-10T12:08:52Z" finished-at="2019-05-10T12:11:13Z">
    <groups>
    </groups>
    <test name="Default test" duration-ms="141510" started-at="2019-05-10T12:08:52Z" finished-at="2019-05-10T12:11:13Z">
      <class name="testClasses.login_test">
        <test-method status="PASS" signature="launchCompatio()[pri:0, instance:testClasses.login_test@5f058f00]" name="launchCompatio" is-config="true" duration-ms="58916" started-at="2019-05-10T12:08:52Z" finished-at="2019-05-10T12:09:51Z">
          <reporter-output>
          </reporter-output>
        </test-method> <!-- launchCompatio -->
        <test-method status="PASS" signature="a_rqst()[pri:0, instance:testClasses.login_test@5f058f00]" name="a_rqst" duration-ms="18032" started-at="2019-05-10T12:09:51Z" finished-at="2019-05-10T12:10:09Z">
          <reporter-output>
          </reporter-output>
        </test-method> <!-- a_rqst -->
        <test-method status="PASS" signature="closeCompatio()[pri:0, instance:testClasses.login_test@5f058f00]" name="closeCompatio" is-config="true" duration-ms="885" started-at="2019-05-10T12:10:09Z" finished-at="2019-05-10T12:10:10Z">
          <reporter-output>
          </reporter-output>
        </test-method> <!-- closeCompatio -->
        <test-method status="PASS" signature="launchCompatio()[pri:0, instance:testClasses.login_test@5f058f00]" name="launchCompatio" is-config="true" duration-ms="47329" started-at="2019-05-10T12:10:10Z" finished-at="2019-05-10T12:10:57Z">
          <reporter-output>
          </reporter-output>
        </test-method> <!-- launchCompatio -->
        <test-method status="PASS" signature="b_forgot()[pri:0, instance:testClasses.login_test@5f058f00]" name="b_forgot" duration-ms="15097" started-at="2019-05-10T12:10:57Z" finished-at="2019-05-10T12:11:12Z">
          <reporter-output>
          </reporter-output>
        </test-method> <!-- b_forgot -->
        <test-method status="PASS" signature="closeCompatio()[pri:0, instance:testClasses.login_test@5f058f00]" name="closeCompatio" is-config="true" duration-ms="1197" started-at="2019-05-10T12:11:12Z" finished-at="2019-05-10T12:11:13Z">
          <reporter-output>
          </reporter-output>
        </test-method> <!-- closeCompatio -->
      </class> <!-- testClasses.login_test -->
    </test> <!-- Default test -->
  </suite> <!-- Default suite -->
</testng-results>
